1746673353570	geckodriver	INFO	Listening on 127.0.0.1:51418
1746673356633	mozrunner::runner	INFO	Running command: "C:\\Users\\Tu\\.cache\\selenium\\firefox\\win64\\138.0.1\\firefox.exe" "--marionette" "--remote-debugging-p ... 1419" "--remote-allow-hosts" "localhost" "-no-remote" "-profile" "C:\\Users\\Tu\\AppData\\Local\\Temp\\rust_mozprofile8A0hbt"
console.warn: services.settings: Ignoring preference override of remote settings server
console.warn: services.settings: Allow by setting MOZ_REMOTE_SETTINGS_DEVTOOLS=1 in the environment
Dynamically enable window occlusion 0
1746673357044	Marionette	INFO	Marionette enabled
1746673357174	Marionette	INFO	Listening on port 51429
WebDriver BiDi listening on ws://127.0.0.1:51419
Read port: 51429
1746673357327	RemoteAgent	WARN	TLS certificate errors will be ignored for this session
DevTools listening on ws://127.0.0.1:51419/devtools/browser/317d5849-2f99-4621-a06b-69e6521c3a8a
console.warn: LoginRecipes: "Falling back to a synchronous message for: https://the-internet.herokuapp.com."
console.warn: LoginRecipes: "Falling back to a synchronous message for: https://the-internet.herokuapp.com."
console.warn: WindowsJumpLists: "Failed to fetch favicon for " "https://the-internet.herokuapp.com/secure" [Exception... "Failure"  nsresult: "0x80004005 (NS_ERROR_FAILURE)"  location: "<unknown>"  data: no]
console.warn: WindowsJumpLists: "Failed to fetch favicon for " "https://the-internet.herokuapp.com/login" [Exception... "Failure"  nsresult: "0x80004005 (NS_ERROR_FAILURE)"  location: "<unknown>"  data: no]
console.warn: WindowsJumpLists: "Failed to fetch favicon for " "https://the-internet.herokuapp.com/secure" [Exception... "Failure"  nsresult: "0x80004005 (NS_ERROR_FAILURE)"  location: "<unknown>"  data: no]
console.warn: WindowsJumpLists: "Failed to fetch favicon for " "https://the-internet.herokuapp.com/login" [Exception... "Failure"  nsresult: "0x80004005 (NS_ERROR_FAILURE)"  location: "<unknown>"  data: no]
console.warn: WindowsJumpLists: "Failed to fetch favicon for " "https://the-internet.herokuapp.com/secure" [Exception... "Failure"  nsresult: "0x80004005 (NS_ERROR_FAILURE)"  location: "<unknown>"  data: no]
console.warn: WindowsJumpLists: "Failed to fetch favicon for " "https://the-internet.herokuapp.com/login" [Exception... "Failure"  nsresult: "0x80004005 (NS_ERROR_FAILURE)"  location: "<unknown>"  data: no]
console.warn: WindowsJumpLists: "Failed to fetch favicon for " "https://the-internet.herokuapp.com/secure" [Exception... "Failure"  nsresult: "0x80004005 (NS_ERROR_FAILURE)"  location: "<unknown>"  data: no]
console.warn: WindowsJumpLists: "Failed to fetch favicon for " "https://the-internet.herokuapp.com/login" [Exception... "Failure"  nsresult: "0x80004005 (NS_ERROR_FAILURE)"  location: "<unknown>"  data: no]
1746673868077	Marionette	INFO	Stopped listening on port 51429
Dynamically enable window occlusion 1
